#
# There is insufficient memory for the Java Runtime Environment to continue.
# Native memory allocation (malloc) failed to allocate 1469008 bytes for Chunk::new
# Possible reasons:
#   The system is out of physical RAM or swap space
#   In 32 bit mode, the process size limit was hit
# Possible solutions:
#   Reduce memory load on the system
#   Increase physical memory or swap space
#   Check if swap backing store is full
#   Use 64 bit Java on a 64 bit OS
#   Decrease Java heap size (-Xmx/-Xms)
#   Decrease number of Java threads
#   Decrease Java thread stack sizes (-Xss)
#   Set larger code cache with -XX:ReservedCodeCacheSize=
# This output file may be truncated or incomplete.
#
#  Out of Memory Error (allocation.cpp:390), pid=8980, tid=0x0000000000001a5c
#
# JRE version: OpenJDK Runtime Environment (8.0_152-b01) (build 1.8.0_152-release-1248-b01)
# Java VM: OpenJDK 64-Bit Server VM (25.152-b01 mixed mode windows-amd64 compressed oops)
# Failed to write core dump. Minidumps are not enabled by default on client versions of Windows
#

---------------  T H R E A D  ---------------

Current thread (0x0000000016b5c800):  JavaThread "C2 CompilerThread1" daemon [_thread_in_native, id=6748, stack(0x0000000018550000,0x0000000018650000)]

Stack: [0x0000000018550000,0x0000000018650000]
[error occurred during error reporting (printing stack bounds), id 0xc0000005]

Native frames: (J=compiled Java code, j=interpreted, Vv=VM code, C=native code)


Current CompileTask:
C2:1370559 23803       4       org.gradle.api.internal.changedetection.state.DefaultFileSystemSnapshotter::snapshotAndCache (68 bytes)


---------------  P R O C E S S  ---------------

Java Threads: ( => current thread )
  0x000000001dbc0800 JavaThread "Daemon worker Thread 9" [_thread_blocked, id=15316, stack(0x000000003fa90000,0x000000003fb90000)]
  0x000000001dbc1800 JavaThread "Daemon Thread 9" [_thread_blocked, id=9824, stack(0x000000003f790000,0x000000003f890000)]
  0x000000001b24d800 JavaThread "Cache worker for Java compile cache (C:\Users\18240\.gradle\caches\4.10.1\javaCompile)" [_thread_blocked, id=2000, stack(0x000000002ff90000,0x0000000030090000)]
  0x000000001b05c000 JavaThread "MarlinRenderer Disposer" daemon [_thread_blocked, id=14716, stack(0x000000002f790000,0x000000002f890000)]
  0x000000001b054000 JavaThread "Java2D Disposer" daemon [_thread_blocked, id=900, stack(0x000000002f690000,0x000000002f790000)]
  0x000000001dbc3000 JavaThread "Cache worker for file content cache (C:\Users\18240\.gradle\caches\4.10.1\fileContent)" [_thread_blocked, id=7772, stack(0x0000000025390000,0x0000000025490000)]
  0x000000001dbc0000 JavaThread "Memory manager" [_thread_blocked, id=5448, stack(0x00000000226b0000,0x00000000227b0000)]
  0x000000001b24f000 JavaThread "Cache worker for Artifact transforms cache (C:\Users\18240\.gradle\caches\transforms-1)" [_thread_blocked, id=15108, stack(0x000000001fdb0000,0x000000001feb0000)]
  0x000000001b250800 JavaThread "Cache worker for journal cache (C:\Users\18240\.gradle\caches\journal-1)" [_thread_blocked, id=15492, stack(0x000000001d270000,0x000000001d370000)]
  0x000000001b13b800 JavaThread "File lock request listener" [_thread_in_native, id=2172, stack(0x000000001c0a0000,0x000000001c1a0000)]
  0x000000001b37c000 JavaThread "Cache worker for file hash cache (C:\Users\18240\.gradle\caches\4.10.1\fileHashes)" [_thread_blocked, id=6964, stack(0x000000001bfa0000,0x000000001c0a0000)]
  0x000000001980f800 JavaThread "Daemon periodic checks" [_thread_blocked, id=6864, stack(0x000000001a4d0000,0x000000001a5d0000)]
  0x0000000019806800 JavaThread "Incoming local TCP Connector on port 51398" [_thread_in_native, id=5732, stack(0x000000001a320000,0x000000001a420000)]
  0x0000000017ed9800 JavaThread "Service Thread" daemon [_thread_blocked, id=7212, stack(0x0000000018750000,0x0000000018850000)]
  0x0000000016b5e000 JavaThread "C1 CompilerThread2" daemon [_thread_blocked, id=15936, stack(0x0000000018650000,0x0000000018750000)]
=>0x0000000016b5c800 JavaThread "C2 CompilerThread1" daemon [_thread_in_native, id=6748, stack(0x0000000018550000,0x0000000018650000)]
  0x0000000016b59800 JavaThread "C2 CompilerThread0" daemon [_thread_in_native, id=3300, stack(0x0000000018450000,0x0000000018550000)]
  0x0000000016b0e800 JavaThread "Attach Listener" daemon [_thread_blocked, id=4320, stack(0x0000000018350000,0x0000000018450000)]
  0x0000000017e58800 JavaThread "Signal Dispatcher" daemon [_thread_blocked, id=9200, stack(0x0000000018250000,0x0000000018350000)]
  0x0000000016ae9800 JavaThread "Finalizer" daemon [_thread_blocked, id=6176, stack(0x0000000017d50000,0x0000000017e50000)]
  0x0000000003181000 JavaThread "Reference Handler" daemon [_thread_blocked, id=2680, stack(0x0000000017c50000,0x0000000017d50000)]
  0x0000000002b7e000 JavaThread "main" [_thread_blocked, id=1372, stack(0x0000000002f90000,0x0000000003090000)]

Other Threads:
  0x0000000016ac7000 VMThread [stack: 0x0000000017b50000,0x0000000017c50000] [id=2780]
  0x0000000017eda000 WatcherThread [stack: 0x0000000018850000,0x0000000018950000] [id=5172]

VM state:not at safepoint (normal execution)

VM Mutex/Monitor currently owned by a thread: None

Heap:
 PSYoungGen      total 484864K, used 333654K [0x00000000e0000000, 0x0000000100000000, 0x0000000100000000)
  eden space 457728K, 66% used [0x00000000e0000000,0x00000000f2b5a528,0x00000000fbf00000)
  from space 27136K, 99% used [0x00000000fe580000,0x00000000ffffb378,0x0000000100000000)
  to   space 33280K, 0% used [0x00000000fbf00000,0x00000000fbf00000,0x00000000fdf80000)
 ParOldGen       total 293888K, used 57295K [0x00000000a0000000, 0x00000000b1f00000, 0x00000000e0000000)
  object space 293888K, 19% used [0x00000000a0000000,0x00000000a37f3ec8,0x00000000b1f00000)
 Metaspace       used 98655K, capacity 104588K, committed 104704K, reserved 1140736K
  class space    used 12378K, capacity 13481K, committed 13568K, reserved 1048576K

Card table byte_map: [0x0000000012550000,0x0000000012860000] byte_map_base: 0x0000000012050000

Marking Bits: (ParMarkBitMap*) 0x0000000053385aa0
 Begin Bits: [0x0000000012e60000, 0x0000000014660000)
 End Bits:   [0x0000000014660000, 0x0000000015e60000)

Polling page: 0x0000000002af0000

CodeCache: size=245760Kb used=62989Kb max_used=63006Kb free=182770Kb
 bounds [0x0000000003190000, 0x0000000006f80000, 0x0000000012190000]
 total_blobs=19908 nmethods=18896 adapters=922
 compilation: enabled

Compilation events (10 events):
Event: 1369.085 Thread 0x0000000016b5e000 23807       3       com.google.common.collect.ImmutableSet::equals (50 bytes)
Event: 1369.085 Thread 0x0000000016b5e000 nmethod 23807 0x0000000006f5ae50 code [0x0000000006f5b020, 0x0000000006f5b7e8]
Event: 1369.187 Thread 0x0000000016b59800 nmethod 23806 0x0000000006f67690 code [0x0000000006f67c60, 0x0000000006f6d068]
Event: 1369.189 Thread 0x0000000016b59800 23808       4       org.gradle.api.internal.artifacts.ivyservice.ivyresolve.ErrorHandlingModuleComponentRepository::getId (10 bytes)
Event: 1369.189 Thread 0x0000000016b59800 nmethod 23808 0x0000000003429f90 code [0x000000000342a0e0, 0x000000000342a188]
Event: 1369.283 Thread 0x0000000016b59800 23809       4       org.gradle.api.internal.changedetection.state.DefaultFileSystemSnapshotter::snapshot (138 bytes)
Event: 1369.360 Thread 0x0000000016b5e000 23810       3       com.android.build.gradle.internal.scope.BuildArtifactsHolder$FinalBuildableArtifact::iterator (10 bytes)
Event: 1369.361 Thread 0x0000000016b5e000 nmethod 23810 0x0000000006f5a550 code [0x0000000006f5a700, 0x0000000006f5ac28]
Event: 1369.371 Thread 0x0000000016b5e000 23811       1       com.android.sdklib.BuildToolInfo::getRevision (5 bytes)
Event: 1369.371 Thread 0x0000000016b5e000 nmethod 23811 0x000000000390aa90 code [0x000000000390abe0, 0x000000000390acf0]

GC Heap History (10 events):
Event: 696.995 GC heap before
{Heap before GC invocations=20 (full 3):
 PSYoungGen      total 460288K, used 156079K [0x00000000e0000000, 0x00000000fdd00000, 0x0000000100000000)
  eden space 441856K, 31% used [0x00000000e0000000,0x00000000e86c1210,0x00000000faf80000)
  from space 18432K, 98% used [0x00000000fcb00000,0x00000000fdcaacc0,0x00000000fdd00000)
  to   space 22016K, 0% used [0x00000000fb200000,0x00000000fb200000,0x00000000fc780000)
 ParOldGen       total 213504K, used 42168K [0x00000000a0000000, 0x00000000ad080000, 0x00000000e0000000)
  object space 213504K, 19% used [0x00000000a0000000,0x00000000a292e010,0x00000000ad080000)
 Metaspace       used 94411K, capacity 98562K, committed 98600K, reserved 1134592K
  class space    used 12050K, capacity 12911K, committed 12928K, reserved 1048576K
Event: 697.014 GC heap after
Heap after GC invocations=20 (full 3):
 PSYoungGen      total 466432K, used 15309K [0x00000000e0000000, 0x0000000100000000, 0x0000000100000000)
  eden space 444416K, 0% used [0x00000000e0000000,0x00000000e0000000,0x00000000fb200000)
  from space 22016K, 69% used [0x00000000fb200000,0x00000000fc0f36f0,0x00000000fc780000)
  to   space 21504K, 0% used [0x00000000feb00000,0x00000000feb00000,0x0000000100000000)
 ParOldGen       total 213504K, used 42176K [0x00000000a0000000, 0x00000000ad080000, 0x00000000e0000000)
  object space 213504K, 19% used [0x00000000a0000000,0x00000000a2930010,0x00000000ad080000)
 Metaspace       used 94411K, capacity 98562K, committed 98600K, reserved 1134592K
  class space    used 12050K, capacity 12911K, committed 12928K, reserved 1048576K
}
Event: 697.014 GC heap before
{Heap before GC invocations=21 (full 4):
 PSYoungGen      total 466432K, used 15309K [0x00000000e0000000, 0x0000000100000000, 0x0000000100000000)
  eden space 444416K, 0% used [0x00000000e0000000,0x00000000e0000000,0x00000000fb200000)
  from space 22016K, 69% used [0x00000000fb200000,0x00000000fc0f36f0,0x00000000fc780000)
  to   space 21504K, 0% used [0x00000000feb00000,0x00000000feb00000,0x0000000100000000)
 ParOldGen       total 213504K, used 42176K [0x00000000a0000000, 0x00000000ad080000, 0x00000000e0000000)
  object space 213504K, 19% used [0x00000000a0000000,0x00000000a2930010,0x00000000ad080000)
 Metaspace       used 94411K, capacity 98562K, committed 98600K, reserved 1134592K
  class space    used 12050K, capacity 12911K, committed 12928K, reserved 1048576K
Event: 697.211 GC heap after
Heap after GC invocations=21 (full 4):
 PSYoungGen      total 466432K, used 0K [0x00000000e0000000, 0x0000000100000000, 0x0000000100000000)
  eden space 444416K, 0% used [0x00000000e0000000,0x00000000e0000000,0x00000000fb200000)
  from space 22016K, 0% used [0x00000000fb200000,0x00000000fb200000,0x00000000fc780000)
  to   space 21504K, 0% used [0x00000000feb00000,0x00000000feb00000,0x0000000100000000)
 ParOldGen       total 293888K, used 46901K [0x00000000a0000000, 0x00000000b1f00000, 0x00000000e0000000)
  object space 293888K, 15% used [0x00000000a0000000,0x00000000a2dcd4e8,0x00000000b1f00000)
 Metaspace       used 94288K, capacity 98182K, committed 98600K, reserved 1134592K
  class space    used 12017K, capacity 12862K, committed 12928K, reserved 1048576K
}
Event: 705.179 GC heap before
{Heap before GC invocations=22 (full 4):
 PSYoungGen      total 466432K, used 444416K [0x00000000e0000000, 0x0000000100000000, 0x0000000100000000)
  eden space 444416K, 100% used [0x00000000e0000000,0x00000000fb200000,0x00000000fb200000)
  from space 22016K, 0% used [0x00000000fb200000,0x00000000fb200000,0x00000000fc780000)
  to   space 21504K, 0% used [0x00000000feb00000,0x00000000feb00000,0x0000000100000000)
 ParOldGen       total 293888K, used 46901K [0x00000000a0000000, 0x00000000b1f00000, 0x00000000e0000000)
  object space 293888K, 15% used [0x00000000a0000000,0x00000000a2dcd4e8,0x00000000b1f00000)
 Metaspace       used 95824K, capacity 99898K, committed 100096K, reserved 1136640K
  class space    used 12058K, capacity 12914K, committed 13056K, reserved 1048576K
Event: 705.206 GC heap after
Heap after GC invocations=22 (full 4):
 PSYoungGen      total 491520K, used 21501K [0x00000000e0000000, 0x0000000100000000, 0x0000000100000000)
  eden space 470016K, 0% used [0x00000000e0000000,0x00000000e0000000,0x00000000fcb00000)
  from space 21504K, 99% used [0x00000000feb00000,0x00000000fffff590,0x0000000100000000)
  to   space 27136K, 0% used [0x00000000fcb00000,0x00000000fcb00000,0x00000000fe580000)
 ParOldGen       total 293888K, used 55781K [0x00000000a0000000, 0x00000000b1f00000, 0x00000000e0000000)
  object space 293888K, 18% used [0x00000000a0000000,0x00000000a3679610,0x00000000b1f00000)
 Metaspace       used 95824K, capacity 99898K, committed 100096K, reserved 1136640K
  class space    used 12058K, capacity 12914K, committed 13056K, reserved 1048576K
}
Event: 804.680 GC heap before
{Heap before GC invocations=23 (full 4):
 PSYoungGen      total 491520K, used 490646K [0x00000000e0000000, 0x0000000100000000, 0x0000000100000000)
  eden space 470016K, 99% used [0x00000000e0000000,0x00000000fca26598,0x00000000fcb00000)
  from space 21504K, 99% used [0x00000000feb00000,0x00000000fffff590,0x0000000100000000)
  to   space 27136K, 0% used [0x00000000fcb00000,0x00000000fcb00000,0x00000000fe580000)
 ParOldGen       total 293888K, used 55781K [0x00000000a0000000, 0x00000000b1f00000, 0x00000000e0000000)
  object space 293888K, 18% used [0x00000000a0000000,0x00000000a3679610,0x00000000b1f00000)
 Metaspace       used 96634K, capacity 100908K, committed 101120K, reserved 1136640K
  class space    used 12130K, capacity 13005K, committed 13056K, reserved 1048576K
Event: 804.710 GC heap after
Heap after GC invocations=23 (full 4):
 PSYoungGen      total 497152K, used 26707K [0x00000000e0000000, 0x0000000100000000, 0x0000000100000000)
  eden space 470016K, 0% used [0x00000000e0000000,0x00000000e0000000,0x00000000fcb00000)
  from space 27136K, 98% used [0x00000000fcb00000,0x00000000fe514c40,0x00000000fe580000)
  to   space 27136K, 0% used [0x00000000fe580000,0x00000000fe580000,0x0000000100000000)
 ParOldGen       total 293888K, used 55789K [0x00000000a0000000, 0x00000000b1f00000, 0x00000000e0000000)
  object space 293888K, 18% used [0x00000000a0000000,0x00000000a367b610,0x00000000b1f00000)
 Metaspace       used 96634K, capacity 100908K, committed 101120K, reserved 1136640K
  class space    used 12130K, capacity 13005K, committed 13056K, reserved 1048576K
}
Event: 1273.908 GC heap before
{Heap before GC invocations=24 (full 4):
 PSYoungGen      total 497152K, used 496723K [0x00000000e0000000, 0x0000000100000000, 0x0000000100000000)
  eden space 470016K, 100% used [0x00000000e0000000,0x00000000fcb00000,0x00000000fcb00000)
  from space 27136K, 98% used [0x00000000fcb00000,0x00000000fe514c40,0x00000000fe580000)
  to   space 27136K, 0% used [0x00000000fe580000,0x00000000fe580000,0x0000000100000000)
 ParOldGen       total 293888K, used 55789K [0x00000000a0000000, 0x00000000b1f00000, 0x00000000e0000000)
  object space 293888K, 18% used [0x00000000a0000000,0x00000000a367b610,0x00000000b1f00000)
 Metaspace       used 98177K, capacity 103788K, committed 104064K, reserved 1140736K
  class space    used 12330K, capacity 13375K, committed 13440K, reserved 1048576K
Event: 1273.945 GC heap after
Heap after GC invocations=24 (full 4):
 PSYoungGen      total 484864K, used 27116K [0x00000000e0000000, 0x0000000100000000, 0x0000000100000000)
  eden space 457728K, 0% used [0x00000000e0000000,0x00000000e0000000,0x00000000fbf00000)
  from space 27136K, 99% used [0x00000000fe580000,0x00000000ffffb378,0x0000000100000000)
  to   space 33280K, 0% used [0x00000000fbf00000,0x00000000fbf00000,0x00000000fdf80000)
 ParOldGen       total 293888K, used 57295K [0x00000000a0000000, 0x00000000b1f00000, 0x00000000e0000000)
  object space 293888K, 19% used [0x00000000a0000000,0x00000000a37f3ec8,0x00000000b1f00000)
 Metaspace       used 98177K, capacity 103788K, committed 104064K, reserved 1140736K
  class space    used 12330K, capacity 13375K, committed 13440K, reserved 1048576K
}

Deoptimization events (10 events):
Event: 1274.700 Thread 0x000000001b059000 Uncommon trap: reason=class_check action=maybe_recompile pc=0x0000000006b48c7c method=com.sun.tools.javac.code.Types$13.visitClassType(Lcom/sun/tools/javac/code/Type$ClassType;Lcom/sun/tools/javac/code/Symbol;)Lcom/sun/tools/javac/code/Type; @ 94
Event: 1274.700 Thread 0x000000001b059000 Uncommon trap: reason=class_check action=maybe_recompile pc=0x0000000006b48c7c method=com.sun.tools.javac.code.Types$13.visitClassType(Lcom/sun/tools/javac/code/Type$ClassType;Lcom/sun/tools/javac/code/Symbol;)Lcom/sun/tools/javac/code/Type; @ 94
Event: 1274.700 Thread 0x000000001b059000 Uncommon trap: reason=class_check action=maybe_recompile pc=0x0000000006b48c7c method=com.sun.tools.javac.code.Types$13.visitClassType(Lcom/sun/tools/javac/code/Type$ClassType;Lcom/sun/tools/javac/code/Symbol;)Lcom/sun/tools/javac/code/Type; @ 94
Event: 1274.734 Thread 0x000000001b059000 Uncommon trap: reason=unstable_if action=reinterpret pc=0x00000000051a99f0 method=java.io.PrintWriter.newLine()V @ 26
Event: 1274.734 Thread 0x000000001b059000 Uncommon trap: reason=unstable_if action=reinterpret pc=0x000000000407b14c method=sun.nio.cs.ext.DoubleByte$Encoder.encodeArrayLoop(Ljava/nio/CharBuffer;Ljava/nio/ByteBuffer;)Ljava/nio/charset/CoderResult; @ 218
Event: 1274.734 Thread 0x000000001b059000 Uncommon trap: reason=unstable_if action=reinterpret pc=0x000000000520321c method=sun.nio.cs.ext.DoubleByte$Decoder.decodeArrayLoop(Ljava/nio/ByteBuffer;Ljava/nio/CharBuffer;)Ljava/nio/charset/CoderResult; @ 95
Event: 1274.745 Thread 0x000000001dbc1800 Uncommon trap: reason=unstable_if action=reinterpret pc=0x0000000004f6fad8 method=com.esotericsoftware.kryo.io.Output.writeString(Ljava/lang/CharSequence;)V @ 83
Event: 1274.745 Thread 0x000000001dbc1800 Uncommon trap: reason=unstable_if action=reinterpret pc=0x0000000005d5caf8 method=com.esotericsoftware.kryo.io.Output.writeString_slow(Ljava/lang/CharSequence;II)V @ 44
Event: 1274.745 Thread 0x000000001dbc1800 Uncommon trap: reason=unstable_if action=reinterpret pc=0x000000000499e400 method=com.esotericsoftware.kryo.io.Output.writeString(Ljava/lang/CharSequence;)V @ 83
Event: 1275.126 Thread 0x000000001dbcc000 Uncommon trap: reason=unstable_if action=reinterpret pc=0x0000000006928abc method=org.objectweb.asm.ClassReader.readCode(Lorg/objectweb/asm/MethodVisitor;Lorg/objectweb/asm/Context;I)V @ 1503

Classes redefined (0 events):
No events

Internal exceptions (10 events):
Event: 1275.424 Thread 0x000000001dbc6000 Exception <a 'sun/nio/fs/WindowsException'> (0x00000000e3799030) thrown at [D:\src\AOSP-openjdk-cygwin\jdk8u\hotspot\src\share\vm\prims\jni.cpp, line 709]
Event: 1275.424 Thread 0x000000001dbc6000 Exception <a 'sun/nio/fs/WindowsException'> (0x00000000e379a450) thrown at [D:\src\AOSP-openjdk-cygwin\jdk8u\hotspot\src\share\vm\prims\jni.cpp, line 709]
Event: 1275.424 Thread 0x000000001dbc6000 Exception <a 'sun/nio/fs/WindowsException'> (0x00000000e379b870) thrown at [D:\src\AOSP-openjdk-cygwin\jdk8u\hotspot\src\share\vm\prims\jni.cpp, line 709]
Event: 1275.424 Thread 0x000000001dbc6000 Exception <a 'sun/nio/fs/WindowsException'> (0x00000000e379c8c8) thrown at [D:\src\AOSP-openjdk-cygwin\jdk8u\hotspot\src\share\vm\prims\jni.cpp, line 709]
Event: 1275.428 Thread 0x000000001b05d000 Exception <a 'sun/nio/fs/WindowsException'> (0x00000000e39639a0) thrown at [D:\src\AOSP-openjdk-cygwin\jdk8u\hotspot\src\share\vm\prims\jni.cpp, line 709]
Event: 1275.445 Thread 0x000000001b05d000 Exception <a 'sun/nio/fs/WindowsException'> (0x00000000e3f08108) thrown at [D:\src\AOSP-openjdk-cygwin\jdk8u\hotspot\src\share\vm\prims\jni.cpp, line 709]
Event: 1275.586 Thread 0x000000001b05f000 Exception <a 'sun/nio/fs/WindowsException'> (0x00000000e4603a78) thrown at [D:\src\AOSP-openjdk-cygwin\jdk8u\hotspot\src\share\vm\prims\jni.cpp, line 709]
Event: 1275.606 Thread 0x000000001b24f800 Exception <a 'sun/nio/fs/WindowsException'> (0x00000000e4b8ac28) thrown at [D:\src\AOSP-openjdk-cygwin\jdk8u\hotspot\src\share\vm\prims\jni.cpp, line 709]
Event: 1351.661 Thread 0x000000001dbc0800 Exception <a 'sun/nio/fs/WindowsException'> (0x00000000ecaaf678) thrown at [D:\src\AOSP-openjdk-cygwin\jdk8u\hotspot\src\share\vm\prims\jni.cpp, line 709]
Event: 1368.681 Thread 0x000000001dbc0800 Exception <a 'sun/nio/fs/WindowsException'> (0x00000000effcd960) thrown at [D:\src\AOSP-openjdk-cygwin\jdk8u\hotspot\src\share\vm\prims\jni.cpp, line 709]

Events (10 events):
Event: 1369.086 Executing VM operation: RevokeBias done
Event: 1369.086 Executing VM operation: RevokeBias
Event: 1369.087 Executing VM operation: RevokeBias done
Event: 1369.124 Executing VM operation: RevokeBias
Event: 1369.124 Executing VM operation: RevokeBias done
Event: 1369.180 Executing VM operation: RevokeBias
Event: 1369.180 Executing VM operation: RevokeBias done
Event: 1369.188 Thread 0x0000000016b59800 flushing nmethod 0x0000000003429e50
Event: 1369.361 Thread 0x0000000016b5e000 flushing nmethod 0x0000000003909ad0
Event: 1369.372 Thread 0x0000000016b5e000 flushing nmethod 0x0000000003d04650


Dynamic libraries:
0x00007ff740220000 - 0x00007ff740251000 	D:\Android Studio\jre\bin\java.exe
0x00007ffe96830000 - 0x00007ffe96a11000 	C:\WINDOWS\SYSTEM32\ntdll.dll
0x00007ffe943d0000 - 0x00007ffe94482000 	C:\WINDOWS\System32\KERNEL32.DLL
0x00007ffe93800000 - 0x00007ffe93a73000 	C:\WINDOWS\System32\KERNELBASE.dll
0x00007ffe948f0000 - 0x00007ffe94991000 	C:\WINDOWS\System32\ADVAPI32.dll
0x00007ffe940d0000 - 0x00007ffe9416e000 	C:\WINDOWS\System32\msvcrt.dll
0x00007ffe94060000 - 0x00007ffe940bb000 	C:\WINDOWS\System32\sechost.dll
0x00007ffe966d0000 - 0x00007ffe967f4000 	C:\WINDOWS\System32\RPCRT4.dll
0x00007ffe94dd0000 - 0x00007ffe94f60000 	C:\WINDOWS\System32\USER32.dll
0x00007ffe93500000 - 0x00007ffe93520000 	C:\WINDOWS\System32\win32u.dll
0x00007ffe949a0000 - 0x00007ffe949c8000 	C:\WINDOWS\System32\GDI32.dll
0x00007ffe93a80000 - 0x00007ffe93c12000 	C:\WINDOWS\System32\gdi32full.dll
0x00007ffe93c20000 - 0x00007ffe93cbf000 	C:\WINDOWS\System32\msvcp_win.dll
0x00007ffe93580000 - 0x00007ffe93678000 	C:\WINDOWS\System32\ucrtbase.dll
0x00007ffe854c0000 - 0x00007ffe85729000 	C:\WINDOWS\WinSxS\amd64_microsoft.windows.common-controls_6595b64144ccf1df_6.0.17134.648_none_fb45a0e93062a6d2\COMCTL32.dll
0x00007ffe94f60000 - 0x00007ffe95282000 	C:\WINDOWS\System32\combase.dll
0x00007ffe936d0000 - 0x00007ffe9374a000 	C:\WINDOWS\System32\bcryptPrimitives.dll
0x00007ffe94c30000 - 0x00007ffe94c5d000 	C:\WINDOWS\System32\IMM32.DLL
0x0000000053ed0000 - 0x0000000053fa2000 	D:\Android Studio\jre\jre\bin\msvcr100.dll
0x0000000052bc0000 - 0x0000000053401000 	D:\Android Studio\jre\jre\bin\server\jvm.dll
0x00007ffe948e0000 - 0x00007ffe948e8000 	C:\WINDOWS\System32\PSAPI.DLL
0x00007ffe91750000 - 0x00007ffe91759000 	C:\WINDOWS\SYSTEM32\WSOCK32.dll
0x00007ffe8d120000 - 0x00007ffe8d143000 	C:\WINDOWS\SYSTEM32\WINMM.dll
0x00007ffe902c0000 - 0x00007ffe902ca000 	C:\WINDOWS\SYSTEM32\VERSION.dll
0x00007ffe94aa0000 - 0x00007ffe94b0c000 	C:\WINDOWS\System32\WS2_32.dll
0x00007ffe8d0f0000 - 0x00007ffe8d11a000 	C:\WINDOWS\SYSTEM32\WINMMBASE.dll
0x00007ffe93680000 - 0x00007ffe936c9000 	C:\WINDOWS\System32\cfgmgr32.dll
0x00007ffe8ecf0000 - 0x00007ffe8ecff000 	D:\Android Studio\jre\jre\bin\verify.dll
0x00007ffe8e2b0000 - 0x00007ffe8e2d9000 	D:\Android Studio\jre\jre\bin\java.dll
0x00007ffe8e420000 - 0x00007ffe8e436000 	D:\Android Studio\jre\jre\bin\zip.dll
0x00007ffe95290000 - 0x00007ffe966d0000 	C:\WINDOWS\System32\SHELL32.dll
0x00007ffe94b70000 - 0x00007ffe94c19000 	C:\WINDOWS\System32\shcore.dll
0x00007ffe92c00000 - 0x00007ffe9330d000 	C:\WINDOWS\System32\windows.storage.dll
0x00007ffe94000000 - 0x00007ffe94051000 	C:\WINDOWS\System32\shlwapi.dll
0x00007ffe92bc0000 - 0x00007ffe92bd1000 	C:\WINDOWS\System32\kernel.appcore.dll
0x00007ffe92b90000 - 0x00007ffe92baf000 	C:\WINDOWS\System32\profapi.dll
0x00007ffe92b40000 - 0x00007ffe92b8c000 	C:\WINDOWS\System32\powrprof.dll
0x00007ffe92bb0000 - 0x00007ffe92bba000 	C:\WINDOWS\System32\FLTLIB.DLL
0x00007ffe8e290000 - 0x00007ffe8e2aa000 	D:\Android Studio\jre\jre\bin\net.dll
0x00007ffe923c0000 - 0x00007ffe92426000 	C:\WINDOWS\system32\mswsock.dll
0x00007ffe8d310000 - 0x00007ffe8d321000 	D:\Android Studio\jre\jre\bin\nio.dll
0x00007ffe8e350000 - 0x00007ffe8e36e000 	C:\Users\18240\.gradle\native\25\windows-amd64\native-platform.dll
0x00007ffe8ec20000 - 0x00007ffe8ec2d000 	D:\Android Studio\jre\jre\bin\management.dll
0x00007ffe92570000 - 0x00007ffe92587000 	C:\WINDOWS\SYSTEM32\CRYPTSP.dll
0x00007ffe91fa0000 - 0x00007ffe91fd3000 	C:\WINDOWS\system32\rsaenh.dll
0x00007ffe926a0000 - 0x00007ffe926c5000 	C:\WINDOWS\SYSTEM32\bcrypt.dll
0x00007ffe92a40000 - 0x00007ffe92a68000 	C:\WINDOWS\SYSTEM32\USERENV.dll
0x00007ffe92590000 - 0x00007ffe9259b000 	C:\WINDOWS\SYSTEM32\CRYPTBASE.dll
0x00007ffe92140000 - 0x00007ffe92178000 	C:\WINDOWS\SYSTEM32\IPHLPAPI.DLL
0x00007ffe94c20000 - 0x00007ffe94c28000 	C:\WINDOWS\System32\NSI.dll
0x00007ffe8be40000 - 0x00007ffe8be56000 	C:\WINDOWS\SYSTEM32\dhcpcsvc6.DLL
0x00007ffe8b610000 - 0x00007ffe8b62a000 	C:\WINDOWS\SYSTEM32\dhcpcsvc.DLL
0x00007ffe71dc0000 - 0x00007ffe71f57000 	D:\Android Studio\jre\jre\bin\awt.dll
0x00007ffe949d0000 - 0x00007ffe94a93000 	C:\WINDOWS\System32\OLEAUT32.dll
0x00007ffe8ede0000 - 0x00007ffe8f3a7000 	C:\WINDOWS\SYSTEM32\d2d1.dll
0x00007ffe902d0000 - 0x00007ffe9035b000 	C:\WINDOWS\SYSTEM32\apphelp.dll
0x00007ffe90f10000 - 0x00007ffe90f39000 	C:\WINDOWS\system32\DWMAPI.DLL
0x00007ffe903d0000 - 0x00007ffe90468000 	C:\WINDOWS\system32\uxtheme.dll
0x00007ffe91c30000 - 0x00007ffe91c61000 	C:\WINDOWS\SYSTEM32\ntmarta.dll

VM Arguments:
jvm_args: -Xmx1536m -Dfile.encoding=GBK -Duser.country=CN -Duser.language=zh -Duser.variant 
java_command: org.gradle.launcher.daemon.bootstrap.GradleDaemon 4.10.1
java_class_path (initial): C:\Users\18240\.gradle\wrapper\dists\gradle-4.10.1-all\455itskqi2qtf0v2sja68alqd\gradle-4.10.1\lib\gradle-launcher-4.10.1.jar
Launcher Type: SUN_STANDARD

Environment Variables:
JAVA_HOME=D:\java
CLASSPATH=.;D:\java\lib\dt.jar;D:\java\lib\tools.jar
PATH=D:\python2.7\;D:\python2.7\Scripts;C:\Program Files (x86)\Common Files\Oracle\Java\javapath;C:\Program Files (x86)\Intel\iCLS Client\;C:\Program Files\Intel\iCLS Client\;C:\windows\system32;C:\windows;C:\windows\System32\Wbem;C:\windows\System32\WindowsPowerShell\v1.0\;C:\Program Files (x86)\Intel\Intel(R) Management Engine Components\DAL;C:\Program Files\Intel\Intel(R) Management Engine Components\DAL;C:\Program Files (x86)\Intel\Intel(R) Management Engine Components\IPT;C:\Program Files\Intel\Intel(R) Management Engine Components\IPT;C:\Program Files (x86)\NVIDIA Corporation\PhysX\Common;C:\Program Files (x86)\Microsoft SQL Server\100\Tools\Binn\;C:\Program Files\Microsoft SQL Server\100\Tools\Binn\;C:\Program Files\Microsoft SQL Server\100\DTS\Binn\;C:\Program Files (x86)\GtkSharp\2.12\bin;C:\Program Files\MySQL\MySQL Utilities 1.6\;C:\Program Files\Microsoft SQL Server\130\Tools\Binn\;C:\Program Files\dotnet\;C:\WINDOWS\system32;C:\WINDOWS;C:\WINDOWS\System32\Wbem;C:\WINDOWS\System32\WindowsPowerShell\v1.0\;C:\Program Files\Microsoft SQL Server\Client SDK\ODBC\110\Tools\Binn\;C:\Program Files (x86)\Microsoft SQL Server\120\Tools\Binn\;C:\Program Files\Microsoft SQL Server\120\Tools\Binn\;C:\Program Files\Microsoft SQL Server\120\DTS\Binn\;C:\Program Files (x86)\Microsoft SQL Server\120\Tools\Binn\ManagementStudio\;C:\Program Files (x86)\Microsoft SQL Server\120\DTS\Binn\;C:\WINDOWS\System32\OpenSSH\;D:\java\bin;D:\java\jre\bin;C:\Program Files\Git\cmd;C:\Program Files\Intel\WiFi\bin\;C:\Program Files\Common Files\Intel\WirelessCommon\;C:\Program Files\NVIDIA Corporation\NVIDIA NvDLISR;C:\Users\18240\AppData\Local\Microsoft\WindowsApps;D:\UltraEdit\
USERNAME=18240
OS=Windows_NT
PROCESSOR_IDENTIFIER=Intel64 Family 6 Model 94 Stepping 3, GenuineIntel



---------------  S Y S T E M  ---------------

OS: Windows 10.0 , 64 bit Build 17134 (10.0.17134.648)

CPU:total 4 (initial active 4) (4 cores per cpu, 1 threads per core) family 6 model 94 stepping 3, cmov, cx8, fxsr, mmx, sse, sse2, sse3, ssse3, sse4.1, sse4.2, popcnt, avx, avx2, aes, clmul, erms, rtm, 3dnowpref, lzcnt, tsc, tscinvbit, bmi1, bmi2, adx

Memory: 4k page, physical 12470176k(2793844k free), swap 12502944k(6312k free)

vm_info: OpenJDK 64-Bit Server VM (25.152-b01) for windows-amd64 JRE (1.8.0_152-release-1248-b01), built by "builder" with MS VC++ 10.0 (VS2010)

time: Sat Mar 23 10:28:38 2019
elapsed time: 1369 seconds (0d 0h 22m 49s)

